<?xml version="1.0" encoding="UTF-8"?>
<!-- Generated by org.testng.reporters.JUnitReportReporter -->
<testsuite hostname="LAPTOP-41JF7SVE" failures="0" tests="1" name="testCases.TC_001_AccountRegisterationTest" time="4.817" errors="0" timestamp="2024-02-06T11:11:28 IST" skipped="0">
  <testcase classname="testCases.TC_001_AccountRegisterationTest" name="testCase01" time="4.817"/>
  <system-out/>
</testsuite> <!-- testCases.TC_001_AccountRegisterationTest -->
