<?xml version="1.0" encoding="UTF-8"?>
<!-- Generated by org.testng.reporters.JUnitReportReporter -->
<testsuite hostname="LAPTOP-41JF7SVE" failures="0" tests="1" name="testCases.AccountRegisterationTest" time="4.543" errors="0" timestamp="2024-02-09T10:48:56 IST" skipped="0">
  <testcase classname="testCases.AccountRegisterationTest" name="testCase01" time="4.543"/>
  <system-out/>
</testsuite> <!-- testCases.AccountRegisterationTest -->
