<?xml version="1.0" encoding="UTF-8"?>
<!-- Generated by org.testng.reporters.JUnitReportReporter -->
<testsuite hostname="LAPTOP-41JF7SVE" failures="0" tests="5" name="testCases.LoginTest" time="76.336" errors="0" timestamp="2024-02-09T11:19:15 IST" skipped="0">
  <testcase classname="testCases.LoginTest" name="testcase02" time="13.644"/>
  <system-out/>
  <testcase classname="testCases.LoginTest" name="testcase02" time="15.197"/>
  <system-out/>
  <testcase classname="testCases.LoginTest" name="testcase02" time="15.255"/>
  <system-out/>
  <testcase classname="testCases.LoginTest" name="testcase02" time="15.386"/>
  <system-out/>
  <testcase classname="testCases.LoginTest" name="testcase02" time="16.854"/>
  <system-out/>
</testsuite> <!-- testCases.LoginTest -->
