<?xml version="1.0" encoding="UTF-8"?>
<!-- Generated by org.testng.reporters.JUnitReportReporter -->
<testsuite hostname="LAPTOP-41JF7SVE" failures="0" tests="1" name="testCases.AccountRegisterationTest" time="5.836" errors="0" timestamp="2024-02-09T17:56:29 IST" skipped="0">
  <testcase classname="testCases.AccountRegisterationTest" name="testCase01" time="5.836"/>
</testsuite> <!-- testCases.AccountRegisterationTest -->
