<?xml version="1.0" encoding="UTF-8"?>
<!-- Generated by org.testng.reporters.JUnitReportReporter -->
<testsuite hostname="LAPTOP-41JF7SVE" failures="0" tests="5" name="testCases.LoginTest" time="69.893" errors="0" timestamp="2024-02-09T17:56:29 IST" skipped="0">
  <testcase classname="testCases.LoginTest" name="testcase02" time="14.976"/>
  <testcase classname="testCases.LoginTest" name="testcase02" time="13.511"/>
  <testcase classname="testCases.LoginTest" name="testcase02" time="13.623"/>
  <testcase classname="testCases.LoginTest" name="testcase02" time="15.153"/>
  <testcase classname="testCases.LoginTest" name="testcase02" time="12.630"/>
</testsuite> <!-- testCases.LoginTest -->
